This is TeX, Version 3.1415926 (TeX Live 2009/Debian) (format=tex 2012.10.11)  6 MAY 2013 09:51
**filehook.ins
(./filehook.ins (/usr/share/texmf-texlive/tex/latex/base/docstrip.tex
\blockLevel=\count26
\emptyLines=\count27
\processedLines=\count28
\commentsRemoved=\count29
\commentsPassed=\count30
\codeLinesPassed=\count31
\TotalprocessedLines=\count32
\TotalcommentsRemoved=\count33
\TotalcommentsPassed=\count34
\TotalcodeLinesPassed=\count35
\NumberOfFiles=\count36
\inFile=\read0
\inputcheck=\read1
\@tempcnta=\count37
\off@0=\count38
\off@1=\count39
\off@2=\count40
\off@3=\count41
\off@4=\count42
\off@5=\count43
\off@6=\count44
\off@7=\count45
\off@8=\count46
\off@9=\count47
\off@10=\count48
\off@11=\count49
\off@12=\count50
\off@13=\count51
\off@14=\count52
\off@15=\count53
\@temptokena=\toks12
\@maxfiles=\count54
\@maxoutfiles=\count55

Utility: `docstrip' 2.5d <2005/07/29>
English documentation    <1999/03/31>

**********************************************************
* This program converts documented macro-files into fast *
* loadable files by stripping off (nearly) all comments! *
**********************************************************

********************************************************
* No Configuration file found, using default settings. *
********************************************************

)

Generating file(s) filehook.sty filehook-scrlfile.sty filehook-memoir.sty fileh
ook-listings.sty filehook-fink.sty pgf-filehook.sty 
\openout0 = `filehook.sty'.

\openout1 = `filehook-scrlfile.sty'.

\openout2 = `filehook-memoir.sty'.

\openout3 = `filehook-listings.sty'.

\openout4 = `filehook-fink.sty'.

\openout5 = `pgf-filehook.sty'.


Processing file filehook.dtx (filehook.sty) -> filehook.sty
                             (filehook-scrlfile.sty) -> filehook-scrlfile.sty
                             (filehook-memoir.sty) -> filehook-memoir.sty
                             (filehook-listings.sty) -> filehook-listings.sty
                             (filehook-fink.sty) -> filehook-fink.sty
                             (pgf-filehook.sty) -> pgf-filehook.sty
File filehook.dtx ended by \endinput.
Lines  processed: 1674
Comments removed: 980
Comments  passed: 21
Codelines passed: 653

 )
No pages of output.
